{"level":"INFO","time":"2022-07-16T08:17:15.339+0800","caller":"logger/logger.go:43","msg":"init logger success"}
{"level":"INFO","time":"2022-07-16T08:30:15.525+0800","caller":"logger/logger.go:43","msg":"init logger success"}
{"level":"INFO","time":"2022-07-16T09:25:23.650+0800","caller":"logger/logger.go:43","msg":"init logger success"}
{"level":"INFO","time":"2022-07-16T16:41:37.958+0800","caller":"logger/logger.go:43","msg":"init logger success"}
{"level":"ERROR","time":"2022-07-16T16:42:31.298+0800","caller":"controller/users.go:21","msg":"mysql.Login(&u) failed","error":"用户不已存在"}
{"level":"INFO","time":"2022-07-16T16:44:50.073+0800","caller":"logger/logger.go:43","msg":"init logger success"}
{"level":"INFO","time":"2022-07-16T16:47:50.207+0800","caller":"logger/logger.go:43","msg":"init logger success"}
{"level":"INFO","time":"2022-07-16T16:48:52.850+0800","caller":"logger/logger.go:43","msg":"init logger success"}
{"level":"INFO","time":"2022-07-16T16:48:56.909+0800","caller":"logger/logger.go:43","msg":"init logger success"}
{"level":"INFO","time":"2022-07-16T16:50:17.482+0800","caller":"logger/logger.go:43","msg":"init logger success"}
{"level":"INFO","time":"2022-07-16T16:53:20.398+0800","caller":"logger/logger.go:43","msg":"init logger success"}
{"level":"INFO","time":"2022-07-16T16:59:01.385+0800","caller":"logger/logger.go:43","msg":"init logger success"}
{"level":"INFO","time":"2022-07-16T16:59:43.294+0800","caller":"logger/logger.go:43","msg":"init logger success"}
{"level":"INFO","time":"2022-07-16T17:00:46.373+0800","caller":"logger/logger.go:43","msg":"init logger success"}
{"level":"INFO","time":"2022-07-16T17:01:28.904+0800","caller":"logger/logger.go:43","msg":"init logger success"}
{"level":"INFO","time":"2022-07-16T17:02:30.615+0800","caller":"logger/logger.go:43","msg":"init logger success"}
{"level":"INFO","time":"2022-07-16T17:02:35.652+0800","caller":"logger/logger.go:43","msg":"init logger success"}
{"level":"INFO","time":"2022-07-16T21:00:07.266+0800","caller":"logger/logger.go:43","msg":"init logger success"}
{"level":"ERROR","time":"2022-07-16T21:03:11.062+0800","caller":"controller/users.go:23","msg":"mysql.Login(&u) failed","error":"密码错误"}
{"level":"ERROR","time":"2022-07-16T21:03:39.186+0800","caller":"controller/users.go:23","msg":"mysql.Login(&u) failed","error":"密码错误"}
{"level":"INFO","time":"2022-07-16T21:05:29.524+0800","caller":"logger/logger.go:43","msg":"init logger success"}
{"level":"ERROR","time":"2022-07-16T21:05:53.132+0800","caller":"controller/users.go:23","msg":"mysql.Login(&u) failed","error":"用户不已存在"}
{"level":"ERROR","time":"2022-07-16T21:06:50.680+0800","caller":"controller/users.go:23","msg":"mysql.Login(&u) failed","error":"用户不已存在"}
{"level":"INFO","time":"2022-07-16T21:08:15.554+0800","caller":"logger/logger.go:43","msg":"init logger success"}
{"level":"ERROR","time":"2022-07-16T21:13:09.333+0800","caller":"controller/users.go:55","msg":"mysql.UpdatePasswordDetail() failed","error":"密码错误"}
{"level":"INFO","time":"2022-07-16T21:19:35.669+0800","caller":"logger/logger.go:43","msg":"init logger success"}
{"level":"INFO","time":"2022-07-16T21:30:26.971+0800","caller":"logger/logger.go:43","msg":"init logger success"}
{"level":"ERROR","time":"2022-07-16T21:30:51.613+0800","caller":"controller/users.go:17","msg":"invalid params","error":"缺少必填字段role"}
{"level":"INFO","time":"2022-07-17T20:36:54.774+0800","caller":"logger/logger.go:43","msg":"init logger success"}
{"level":"INFO","time":"2022-07-17T21:54:07.801+0800","caller":"logger/logger.go:43","msg":"init logger success"}
{"level":"INFO","time":"2022-07-17T22:10:35.952+0800","caller":"logger/logger.go:43","msg":"init logger success"}
{"level":"INFO","time":"2022-07-17T22:25:45.053+0800","caller":"logger/logger.go:43","msg":"init logger success"}
{"level":"INFO","time":"2022-07-17T22:32:19.785+0800","caller":"logger/logger.go:43","msg":"init logger success"}
{"level":"INFO","time":"2022-07-17T22:34:34.356+0800","caller":"logger/logger.go:43","msg":"init logger success"}
{"level":"INFO","time":"2022-07-17T22:41:45.454+0800","caller":"logger/logger.go:43","msg":"init logger success"}
{"level":"INFO","time":"2022-07-18T08:41:09.897+0800","caller":"logger/logger.go:43","msg":"init logger success"}
{"level":"ERROR","time":"2022-07-18T08:44:32.583+0800","caller":"controller/users.go:17","msg":"invalid params","error":"缺少必填字段role"}
{"level":"INFO","time":"2022-07-18T08:45:24.484+0800","caller":"logger/logger.go:43","msg":"init logger success"}
{"level":"ERROR","time":"2022-07-18T08:45:27.523+0800","caller":"controller/users.go:23","msg":"mysql.Login(&u) failed","error":"密码错误"}
{"level":"INFO","time":"2022-07-18T08:53:51.431+0800","caller":"logger/logger.go:43","msg":"init logger success"}
{"level":"INFO","time":"2022-07-18T09:03:28.051+0800","caller":"logger/logger.go:43","msg":"init logger success"}
{"level":"INFO","time":"2022-07-18T09:44:29.595+0800","caller":"logger/logger.go:43","msg":"init logger success"}
{"level":"ERROR","time":"2022-07-18T09:47:51.865+0800","caller":"controller/users.go:23","msg":"mysql.Login(&u) failed","error":"密码错误"}
{"level":"INFO","time":"2022-07-18T09:50:33.053+0800","caller":"logger/logger.go:43","msg":"init logger success"}
{"level":"INFO","time":"2022-07-18T09:50:52.725+0800","caller":"logger/logger.go:43","msg":"init logger success"}
{"level":"INFO","time":"2022-07-18T09:52:04.228+0800","caller":"logger/logger.go:43","msg":"init logger success"}
{"level":"INFO","time":"2022-07-18T10:04:45.076+0800","caller":"logger/logger.go:43","msg":"init logger success"}
{"level":"INFO","time":"2022-07-18T10:06:51.755+0800","caller":"logger/logger.go:43","msg":"init logger success"}
{"level":"INFO","time":"2022-07-18T10:10:09.102+0800","caller":"logger/logger.go:43","msg":"init logger success"}
{"level":"ERROR","time":"2022-07-18T10:10:14.093+0800","caller":"logic/doctor.go:23","msg":"mysql.AddDoctor(&post) failed","error":"用户名已存在"}
{"level":"ERROR","time":"2022-07-18T10:10:14.093+0800","caller":"doctor/doctor.go:41","msg":"logic.AddDoctor failed","error":"用户名已存在"}
{"level":"ERROR","time":"2022-07-18T10:11:49.264+0800","caller":"logic/doctor.go:23","msg":"mysql.AddDoctor(&post) failed","error":"用户名已存在"}
{"level":"ERROR","time":"2022-07-18T10:11:49.264+0800","caller":"doctor/doctor.go:41","msg":"logic.AddDoctor failed","error":"用户名已存在"}
{"level":"INFO","time":"2022-07-18T10:20:23.857+0800","caller":"logger/logger.go:43","msg":"init logger success"}
{"level":"INFO","time":"2022-07-18T11:24:38.417+0800","caller":"logger/logger.go:43","msg":"init logger success"}
{"level":"INFO","time":"2022-07-18T11:26:53.269+0800","caller":"logger/logger.go:43","msg":"init logger success"}
{"level":"INFO","time":"2022-07-18T11:30:03.632+0800","caller":"logger/logger.go:43","msg":"init logger success"}
{"level":"INFO","time":"2022-07-18T18:04:58.010+0800","caller":"logger/logger.go:43","msg":"init logger success"}
{"level":"INFO","time":"2022-07-18T18:08:39.328+0800","caller":"logger/logger.go:43","msg":"init logger success"}
{"level":"INFO","time":"2022-07-18T18:21:18.726+0800","caller":"logger/logger.go:43","msg":"init logger success"}
{"level":"INFO","time":"2022-07-18T18:24:47.811+0800","caller":"logger/logger.go:43","msg":"init logger success"}
{"level":"ERROR","time":"2022-07-18T18:25:05.204+0800","caller":"logic/doctor.go:23","msg":"mysql.AddDoctor(doctor) failed","error":"用户名已存在"}
{"level":"ERROR","time":"2022-07-18T18:25:05.204+0800","caller":"doctor/doctor.go:43","msg":"logic.AddDoctor failed","error":"用户名已存在"}
{"level":"ERROR","time":"2022-07-18T19:57:53.274+0800","caller":"logic/doctor.go:23","msg":"mysql.AddDoctor(doctor) failed","error":"用户名已存在"}
{"level":"ERROR","time":"2022-07-18T19:57:53.274+0800","caller":"doctor/doctor.go:43","msg":"logic.AddDoctor failed","error":"用户名已存在"}
{"level":"INFO","time":"2022-07-18T21:03:33.645+0800","caller":"logger/logger.go:43","msg":"init logger success"}
{"level":"INFO","time":"2022-07-18T21:26:36.596+0800","caller":"logger/logger.go:43","msg":"init logger success"}
{"level":"INFO","time":"2022-07-18T21:33:15.599+0800","caller":"logger/logger.go:43","msg":"init logger success"}
{"level":"INFO","time":"2022-07-18T21:35:02.752+0800","caller":"logger/logger.go:43","msg":"init logger success"}
{"level":"INFO","time":"2022-07-18T21:37:24.648+0800","caller":"logger/logger.go:43","msg":"init logger success"}
{"level":"INFO","time":"2022-07-18T21:40:40.443+0800","caller":"logger/logger.go:43","msg":"init logger success"}
{"level":"INFO","time":"2022-07-18T21:41:44.776+0800","caller":"logger/logger.go:43","msg":"init logger success"}
{"level":"INFO","time":"2022-07-18T21:42:44.163+0800","caller":"logger/logger.go:43","msg":"init logger success"}
{"level":"INFO","time":"2022-07-18T21:44:57.272+0800","caller":"logger/logger.go:43","msg":"init logger success"}
{"level":"INFO","time":"2022-07-18T21:45:12.288+0800","caller":"logger/logger.go:43","msg":"init logger success"}
{"level":"INFO","time":"2022-07-18T21:54:46.335+0800","caller":"logger/logger.go:43","msg":"init logger success"}
{"level":"INFO","time":"2022-07-18T22:19:52.943+0800","caller":"logger/logger.go:43","msg":"init logger success"}
{"level":"INFO","time":"2022-07-18T22:27:11.575+0800","caller":"logger/logger.go:43","msg":"init logger success"}
{"level":"INFO","time":"2022-07-18T22:27:39.382+0800","caller":"logger/logger.go:43","msg":"init logger success"}
{"level":"INFO","time":"2022-07-18T22:30:03.468+0800","caller":"logger/logger.go:43","msg":"init logger success"}
{"level":"INFO","time":"2022-07-18T22:30:38.118+0800","caller":"logger/logger.go:43","msg":"init logger success"}
{"level":"INFO","time":"2022-07-19T10:47:23.893+0800","caller":"logger/logger.go:43","msg":"init logger success"}
{"level":"INFO","time":"2022-07-19T10:49:32.601+0800","caller":"logger/logger.go:43","msg":"init logger success"}
{"level":"INFO","time":"2022-07-19T10:54:03.639+0800","caller":"logger/logger.go:43","msg":"init logger success"}
{"level":"INFO","time":"2022-07-19T11:30:34.557+0800","caller":"logger/logger.go:43","msg":"init logger success"}
